# JRE version: Java(TM) SE Runtime Environment (7.0_67-b01) (build 1.7.0_67-b01)
# Java VM: Java HotSpot(TM) 64-Bit Server VM (24.65-b04 mixed mode linux-amd64 compressed oops)
Heap
 PSYoungGen      total 208896K, used 25087K [0x00000000eaa80000, 0x00000000f8f00000, 0x0000000100000000)
  eden space 183808K, 0% used [0x00000000eaa80000,0x00000000eaa80000,0x00000000f5e00000)
  from space 25088K, 99% used [0x00000000f7680000,0x00000000f8efff08,0x00000000f8f00000)
  to   space 1024K, 0% used [0x00000000f5e00000,0x00000000f5e00000,0x00000000f5f00000)
 ParOldGen       total 121856K, used 91983K [0x00000000c0000000, 0x00000000c7700000, 0x00000000eaa80000)
  object space 121856K, 75% used [0x00000000c0000000,0x00000000c59d3ed8,0x00000000c7700000)
 PSPermGen       total 104960K, used 68656K [0x00000000b0000000, 0x00000000b6680000, 0x00000000c0000000)
  object space 104960K, 65% used [0x00000000b0000000,0x00000000b430c190,0x00000000b6680000)
GC Heap History (10 events):
Event: 545.826 GC heap after
Heap after GC invocations=25 (full 3):
 PSYoungGen      total 165376K, used 624K [0x00000000eaa80000, 0x00000000f9700000, 0x0000000100000000)
  eden space 137216K, 0% used [0x00000000eaa80000,0x00000000eaa80000,0x00000000f3080000)
  from space 28160K, 2% used [0x00000000f4c00000,0x00000000f4c9c010,0x00000000f6780000)
  to   space 28160K, 0% used [0x00000000f3080000,0x00000000f3080000,0x00000000f4c00000)
 ParOldGen       total 121856K, used 90803K [0x00000000c0000000, 0x00000000c7700000, 0x00000000eaa80000)
  object space 121856K, 74% used [0x00000000c0000000,0x00000000c58acfa0,0x00000000c7700000)
 PSPermGen       total 100864K, used 60760K [0x00000000b0000000, 0x00000000b6280000, 0x00000000c0000000)
  object space 100864K, 60% used [0x00000000b0000000,0x00000000b3b560a8,0x00000000b6280000)
}
Event: 553.241 GC heap before
{Heap before GC invocations=26 (full 3):
 PSYoungGen      total 165376K, used 137840K [0x00000000eaa80000, 0x00000000f9700000, 0x0000000100000000)
  eden space 137216K, 100% used [0x00000000eaa80000,0x00000000f3080000,0x00000000f3080000)
  from space 28160K, 2% used [0x00000000f4c00000,0x00000000f4c9c010,0x00000000f6780000)
  to   space 28160K, 0% used [0x00000000f3080000,0x00000000f3080000,0x00000000f4c00000)
 ParOldGen       total 121856K, used 90803K [0x00000000c0000000, 0x00000000c7700000, 0x00000000eaa80000)
  object space 121856K, 74% used [0x00000000c0000000,0x00000000c58acfa0,0x00000000c7700000)
 PSPermGen       total 100864K, used 60841K [0x00000000b0000000, 0x00000000b6280000, 0x00000000c0000000)
  object space 100864K, 60% used [0x00000000b0000000,0x00000000b3b6a538,0x00000000b6280000)
Event: 553.337 GC heap after
Heap after GC invocations=26 (full 3):
 PSYoungGen      total 165376K, used 1984K [0x00000000eaa80000, 0x00000000f9580000, 0x0000000100000000)
  eden space 137216K, 0% used [0x00000000eaa80000,0x00000000eaa80000,0x00000000f3080000)
  from space 28160K, 7% used [0x00000000f3080000,0x00000000f3270020,0x00000000f4c00000)
  to   space 27648K, 0% used [0x00000000f7a80000,0x00000000f7a80000,0x00000000f9580000)
 ParOldGen       total 121856K, used 91347K [0x00000000c0000000, 0x00000000c7700000, 0x00000000eaa80000)
  object space 121856K, 74% used [0x00000000c0000000,0x00000000c5934fe0,0x00000000c7700000)
 PSPermGen       total 100864K, used 60841K [0x00000000b0000000, 0x00000000b6280000, 0x00000000c0000000)
  object space 100864K, 60% used [0x00000000b0000000,0x00000000b3b6a538,0x00000000b6280000)
}
Event: 649.559 GC heap before
{Heap before GC invocations=27 (full 3):
 PSYoungGen      total 165376K, used 139200K [0x00000000eaa80000, 0x00000000f9580000, 0x0000000100000000)
  eden space 137216K, 100% used [0x00000000eaa80000,0x00000000f3080000,0x00000000f3080000)
  from space 28160K, 7% used [0x00000000f3080000,0x00000000f3270020,0x00000000f4c00000)
  to   space 27648K, 0% used [0x00000000f7a80000,0x00000000f7a80000,0x00000000f9580000)
 ParOldGen       total 121856K, used 91347K [0x00000000c0000000, 0x00000000c7700000, 0x00000000eaa80000)
  object space 121856K, 74% used [0x00000000c0000000,0x00000000c5934fe0,0x00000000c7700000)
 PSPermGen       total 100864K, used 62105K [0x00000000b0000000, 0x00000000b6280000, 0x00000000c0000000)
  object space 100864K, 61% used [0x00000000b0000000,0x00000000b3ca6550,0x00000000b6280000)
Event: 650.194 GC heap after
Heap after GC invocations=27 (full 3):
 PSYoungGen      total 205824K, used 8222K [0x00000000eaa80000, 0x00000000f9000000, 0x0000000100000000)
  eden space 183808K, 0% used [0x00000000eaa80000,0x00000000eaa80000,0x00000000f5e00000)
  from space 22016K, 37% used [0x00000000f7a80000,0x00000000f8287be0,0x00000000f9000000)
  to   space 25600K, 0% used [0x00000000f5e00000,0x00000000f5e00000,0x00000000f7700000)
 ParOldGen       total 121856K, used 93137K [0x00000000c0000000, 0x00000000c7700000, 0x00000000eaa80000)
  object space 121856K, 76% used [0x00000000c0000000,0x00000000c5af4540,0x00000000c7700000)
 PSPermGen       total 100864K, used 62105K [0x00000000b0000000, 0x00000000b6280000, 0x00000000c0000000)
  object space 100864K, 61% used [0x00000000b0000000,0x00000000b3ca6550,0x00000000b6280000)
}
Event: 656.436 GC heap before
{Heap before GC invocations=28 (full 3):
 PSYoungGen      total 205824K, used 19542K [0x00000000eaa80000, 0x00000000f9000000, 0x0000000100000000)
  eden space 183808K, 6% used [0x00000000eaa80000,0x00000000eb58df08,0x00000000f5e00000)
  from space 22016K, 37% used [0x00000000f7a80000,0x00000000f8287be0,0x00000000f9000000)
  to   space 25600K, 0% used [0x00000000f5e00000,0x00000000f5e00000,0x00000000f7700000)
 ParOldGen       total 121856K, used 93137K [0x00000000c0000000, 0x00000000c7700000, 0x00000000eaa80000)
  object space 121856K, 76% used [0x00000000c0000000,0x00000000c5af4540,0x00000000c7700000)
 PSPermGen       total 100864K, used 62402K [0x00000000b0000000, 0x00000000b6280000, 0x00000000c0000000)
  object space 100864K, 61% used [0x00000000b0000000,0x00000000b3cf0b08,0x00000000b6280000)
Event: 656.813 GC heap after
Heap after GC invocations=28 (full 3):
 PSYoungGen      total 184832K, used 596K [0x00000000eaa80000, 0x00000000f8f00000, 0x0000000100000000)
  eden space 183808K, 0% used [0x00000000eaa80000,0x00000000eaa80000,0x00000000f5e00000)
  from space 1024K, 58% used [0x00000000f5e00000,0x00000000f5e95060,0x00000000f5f00000)
  to   space 25088K, 0% used [0x00000000f7680000,0x00000000f7680000,0x00000000f8f00000)
 ParOldGen       total 121856K, used 99066K [0x00000000c0000000, 0x00000000c7700000, 0x00000000eaa80000)
  object space 121856K, 81% used [0x00000000c0000000,0x00000000c60be9a8,0x00000000c7700000)
 PSPermGen       total 100864K, used 62402K [0x00000000b0000000, 0x00000000b6280000, 0x00000000c0000000)
  object space 100864K, 61% used [0x00000000b0000000,0x00000000b3cf0b08,0x00000000b6280000)
}
Event: 656.814 GC heap before
{Heap before GC invocations=29 (full 4):
 PSYoungGen      total 184832K, used 596K [0x00000000eaa80000, 0x00000000f8f00000, 0x0000000100000000)
  eden space 183808K, 0% used [0x00000000eaa80000,0x00000000eaa80000,0x00000000f5e00000)
  from space 1024K, 58% used [0x00000000f5e00000,0x00000000f5e95060,0x00000000f5f00000)
  to   space 25088K, 0% used [0x00000000f7680000,0x00000000f7680000,0x00000000f8f00000)
 ParOldGen       total 121856K, used 99066K [0x00000000c0000000, 0x00000000c7700000, 0x00000000eaa80000)
  object space 121856K, 81% used [0x00000000c0000000,0x00000000c60be9a8,0x00000000c7700000)
 PSPermGen       total 100864K, used 62402K [0x00000000b0000000, 0x00000000b6280000, 0x00000000c0000000)
  object space 100864K, 61% used [0x00000000b0000000,0x00000000b3cf0b08,0x00000000b6280000)
Event: 661.080 GC heap after
Heap after GC invocations=29 (full 4):
 PSYoungGen      total 184832K, used 0K [0x00000000eaa80000, 0x00000000f8f00000, 0x0000000100000000)
  eden space 183808K, 0% used [0x00000000eaa80000,0x00000000eaa80000,0x00000000f5e00000)
  from space 1024K, 0% used [0x00000000f5e00000,0x00000000f5e00000,0x00000000f5f00000)
  to   space 25088K, 0% used [0x00000000f7680000,0x00000000f7680000,0x00000000f8f00000)
 ParOldGen       total 121856K, used 90960K [0x00000000c0000000, 0x00000000c7700000, 0x00000000eaa80000)
  object space 121856K, 74% used [0x00000000c0000000,0x00000000c58d43c8,0x00000000c7700000)
 PSPermGen       total 104960K, used 62321K [0x00000000b0000000, 0x00000000b6680000, 0x00000000c0000000)
  object space 104960K, 59% used [0x00000000b0000000,0x00000000b3cdc6a8,0x00000000b6680000)
}
Event: 791.425 GC heap before
{Heap before GC invocations=30 (full 4):
 PSYoungGen      total 184832K, used 183808K [0x00000000eaa80000, 0x00000000f8f00000, 0x0000000100000000)
  eden space 183808K, 100% used [0x00000000eaa80000,0x00000000f5e00000,0x00000000f5e00000)
  from space 1024K, 0% used [0x00000000f5e00000,0x00000000f5e00000,0x00000000f5f00000)
  to   space 25088K, 0% used [0x00000000f7680000,0x00000000f7680000,0x00000000f8f00000)
 ParOldGen       total 121856K, used 90960K [0x00000000c0000000, 0x00000000c7700000, 0x00000000eaa80000)
  object space 121856K, 74% used [0x00000000c0000000,0x00000000c58d43c8,0x00000000c7700000)
 PSPermGen       total 104960K, used 68656K [0x00000000b0000000, 0x00000000b6680000, 0x00000000c0000000)
  object space 104960K, 65% used [0x00000000b0000000,0x00000000b430c190,0x00000000b6680000)

